
CommandNotFoundError: Your shell has not been properly configured to use 'conda activate'.
To initialize your shell, run

    $ conda init <SHELL_NAME>

Currently supported shells are:
  - bash
  - fish
  - tcsh
  - xonsh
  - zsh
  - powershell

See 'conda init --help' for more information and options.

IMPORTANT: You may need to close and restart your shell after running 'conda init'.


-------------------------------------------------------------------------------
There are messages associated with the following module(s):
-------------------------------------------------------------------------------

cuda/11.1.1:
   Warning - This module has been deprecated and is scheduled for removal.
   Please transition to a module from the production pool instead.

-------------------------------------------------------------------------------

Traceback (most recent call last):
  File "/ocean/projects/cts180021p/hzhao3/ParallelComputing/EECS587Project/spatial_decompose/MDargon_spatial.py", line 36, in <module>
    info,PE,KE,T_insta,P_insta=LJ_MD(subdiv=subdiv,
  File "/ocean/projects/cts180021p/hzhao3/ParallelComputing/EECS587Project/spatial_decompose/LJ_SpatialDecomp.py", line 41, in LJ_MD
    info[step+1,:,:]=np.concatenate((tmp.P,tmp.V,tmp.A),1)
AttributeError: 'NoneType' object has no attribute 'P'
Traceback (most recent call last):
  File "/ocean/projects/cts180021p/hzhao3/ParallelComputing/EECS587Project/spatial_decompose/MDargon_spatial.py", line 36, in <module>
    info,PE,KE,T_insta,P_insta=LJ_MD(subdiv=subdiv,
  File "/ocean/projects/cts180021p/hzhao3/ParallelComputing/EECS587Project/spatial_decompose/LJ_SpatialDecomp.py", line 41, in LJ_MD
    info[step+1,:,:]=np.concatenate((tmp.P,tmp.V,tmp.A),1)
AttributeError: 'NoneType' object has no attribute 'P'
Traceback (most recent call last):
  File "/ocean/projects/cts180021p/hzhao3/ParallelComputing/EECS587Project/spatial_decompose/MDargon_spatial.py", line 36, in <module>
    info,PE,KE,T_insta,P_insta=LJ_MD(subdiv=subdiv,
  File "/ocean/projects/cts180021p/hzhao3/ParallelComputing/EECS587Project/spatial_decompose/LJ_SpatialDecomp.py", line 41, in LJ_MD
    info[step+1,:,:]=np.concatenate((tmp.P,tmp.V,tmp.A),1)
AttributeError: 'NoneType' object has no attribute 'P'
Traceback (most recent call last):
  File "/ocean/projects/cts180021p/hzhao3/ParallelComputing/EECS587Project/spatial_decompose/MDargon_spatial.py", line 36, in <module>
    info,PE,KE,T_insta,P_insta=LJ_MD(subdiv=subdiv,
  File "/ocean/projects/cts180021p/hzhao3/ParallelComputing/EECS587Project/spatial_decompose/LJ_SpatialDecomp.py", line 41, in LJ_MD
    info[step+1,:,:]=np.concatenate((tmp.P,tmp.V,tmp.A),1)
AttributeError: 'NoneType' object has no attribute 'P'
--------------------------------------------------------------------------
Primary job  terminated normally, but 1 process returned
a non-zero exit code. Per user-direction, the job has been aborted.
--------------------------------------------------------------------------
--------------------------------------------------------------------------
mpirun detected that one or more processes exited with non-zero status, thus causing
the job to be terminated. The first process to do so was:

  Process name: [[18937,1],3]
  Exit code:    1
--------------------------------------------------------------------------
