/opt/intel/oneapi/intelpython/latest/bin/mpirun
1 16
3 16
4 16
5 16
6 16
7 16
8 16
9 16
11 16
12 16
13 16
14 16
15 16
0 16
2 16
10 16
current time step is  0
current time step is  20
current time step is  40
current time step is  60
current time step is  80
6.800088657224866
current time step is  100
current time step is  120
current time step is  140
current time step is  160
current time step is  180
current time step is  200
current time step is  220
6.800887957082665
6.800481721319657
6.801291421279879
current time step is  240
current time step is  260
current time step is  280
current time step is  300
6.80107135517086
current time step is  320
current time step is  340
current time step is  360
current time step is  380
6.800504763517787
current time step is  400
current time step is  420
current time step is  440
6.802346649248434
6.801138516114344
6.802031021387378
current time step is  460
6.800763838812504
current time step is  480
6.80089179163358
6.802358924955001
current time step is  500
6.800859721949978
current time step is  520
6.801626610851169
6.802377691457664
current time step is  540
current time step is  560
6.8010504448147255
6.803229807623406
current time step is  580
6.800451042061884
6.8010979179850555
current time step is  600
6.8008727928451105
current time step is  620
current time step is  640
6.802398062547351
6.800161513604769
current time step is  660
current time step is  680
6.800895694974772
6.802513429734919
current time step is  700
current time step is  720
current time step is  740
6.800686842176662
current time step is  760
6.801545423101174
current time step is  780
current time step is  800
6.800557966697346
6.801625648105528
current time step is  820
6.800409953971007
current time step is  840
current time step is  860
current time step is  880
6.802851576849863
current time step is  900
current time step is  920
6.800308721184406
6.803093891584433
current time step is  940
6.800466916213642
6.804489156110476
current time step is  960
current time step is  980
Run time is 488.412 seconds
